2026-03-12 07:42:38,315 - ============================================================
2026-03-12 07:42:38,315 - Financial Data Sync - Full Load
2026-03-12 07:42:38,315 - ============================================================
2026-03-12 07:42:38,315 - Connecting to QMT...
2026-03-12 07:42:38,435 - QMT connected
2026-03-12 07:42:38,435 - Getting stock list...
2026-03-12 07:42:38,513 - Total stocks: 5191
2026-03-12 07:42:38,513 - Downloading financial data...
2026-03-12 07:48:13,218 - Download completed: 5191
2026-03-12 07:48:16,249 - Processing stocks...
2026-03-12 07:58:15,212 -   Progress: 100/5191, records: 3345
2026-03-12 07:59:08,038 -   Progress: 200/5191, records: 6862
2026-03-12 08:00:01,686 -   Progress: 300/5191, records: 10231
2026-03-12 08:00:59,859 -   Progress: 400/5191, records: 13693
2026-03-12 08:01:50,512 -   Progress: 500/5191, records: 17039
2026-03-12 08:02:41,938 -   Progress: 600/5191, records: 20423
2026-03-12 08:03:39,483 -   Progress: 700/5191, records: 23805
2026-03-12 08:04:38,467 -   Progress: 800/5191, records: 27362
2026-03-12 08:05:30,365 -   Progress: 900/5191, records: 30961
2026-03-12 08:06:26,938 -   Progress: 1000/5191, records: 34486
2026-03-12 08:07:26,085 -   Progress: 1100/5191, records: 37844
2026-03-12 08:08:20,264 -   Progress: 1200/5191, records: 41225
2026-03-12 08:09:08,413 -   Progress: 1300/5191, records: 44494
2026-03-12 08:10:06,722 -   Progress: 1400/5191, records: 47950
2026-03-12 08:11:03,813 -   Progress: 1500/5191, records: 51318
2026-03-12 08:11:58,648 -   Progress: 1600/5191, records: 54900
2026-03-12 08:12:51,979 -   Progress: 1700/5191, records: 58291
2026-03-12 08:14:13,013 -   Progress: 1800/5191, records: 61696
2026-03-12 08:15:14,713 -   Progress: 1900/5191, records: 65347
2026-03-12 08:16:15,551 -   Progress: 2000/5191, records: 68894
2026-03-12 08:17:09,296 -   Progress: 2100/5191, records: 72497
2026-03-12 08:18:04,474 -   Progress: 2200/5191, records: 75948
2026-03-12 08:19:04,859 -   Progress: 2300/5191, records: 79437
2026-03-12 08:20:07,494 -   Progress: 2400/5191, records: 83187
2026-03-12 08:21:01,373 -   Progress: 2500/5191, records: 86722
2026-03-12 08:21:59,842 -   Progress: 2600/5191, records: 90527
2026-03-12 08:23:07,056 -   Progress: 2700/5191, records: 94429
2026-03-12 08:24:08,322 -   Progress: 2800/5191, records: 98172
2026-03-12 08:25:08,237 -   Progress: 2900/5191, records: 101760
2026-03-12 08:26:06,809 -   Progress: 3000/5191, records: 105404
2026-03-12 08:27:13,606 -   Progress: 3100/5191, records: 109048
2026-03-12 08:28:13,315 -   Progress: 3200/5191, records: 112865
2026-03-12 08:29:14,084 -   Progress: 3300/5191, records: 116408
2026-03-12 08:30:21,964 -   Progress: 3400/5191, records: 120347
2026-03-12 08:31:28,433 -   Progress: 3500/5191, records: 124226
2026-03-12 08:32:23,322 -   Progress: 3600/5191, records: 127806
2026-03-12 08:33:22,585 -   Progress: 3700/5191, records: 131568
2026-03-12 08:34:22,208 -   Progress: 3800/5191, records: 135073
2026-03-12 08:35:21,433 -   Progress: 3900/5191, records: 138637
2026-03-12 08:36:17,796 -   Progress: 4000/5191, records: 142351
2026-03-12 08:37:16,919 -   Progress: 4100/5191, records: 146127
2026-03-12 08:38:19,605 -   Progress: 4200/5191, records: 149837
2026-03-12 08:39:22,432 -   Progress: 4300/5191, records: 153408
2026-03-12 08:40:34,142 -   Progress: 4400/5191, records: 157113
2026-03-12 08:41:51,714 -   Progress: 4500/5191, records: 160972
2026-03-12 08:43:05,260 -   Progress: 4600/5191, records: 164613
2026-03-12 08:44:24,965 -   Progress: 4700/5191, records: 168206
2026-03-12 08:45:47,904 -   Progress: 4800/5191, records: 172011
2026-03-12 08:47:05,082 -   Progress: 4900/5191, records: 175844
2026-03-12 08:48:18,839 -   Progress: 5000/5191, records: 179677
2026-03-12 08:49:43,202 -   Progress: 5100/5191, records: 183197
2026-03-12 08:50:18,187 - ============================================================
2026-03-12 08:50:18,191 - Summary
2026-03-12 08:50:18,191 - ============================================================
2026-03-12 08:50:18,197 - Duration: 4059.9 seconds
2026-03-12 08:50:18,197 - Processed: 5144 stocks
2026-03-12 08:50:18,197 - Total records: 184808
2026-03-12 08:50:18,199 - Database: 5154 stocks, 166361 records
2026-03-12 08:50:18,199 - Failed: 10
2026-03-12 08:50:18,203 - [Done]
